<?xml version="1.0" encoding="UTF-8"?>
<!-- Generated by org.testng.reporters.JUnitReportReporter -->
<testsuite hostname="DESKTOP-GRUOEUJ" failures="1" tests="1" name="CucumberOptions.FailedTestNGTestRunner" time="18.365" errors="0" timestamp="2023-02-26T14:12:56 IST" skipped="0">
  <testcase classname="CucumberOptions.FailedTestNGTestRunner" name="runScenario" time="18.365">
    <failure message="expected [Beetroot] but found [No data]" type="java.lang.AssertionError">
      <![CDATA[java.lang.AssertionError: expected [Beetroot] but found [No data]
at org.testng.Assert.fail(Assert.java:110)
at org.testng.Assert.failNotEquals(Assert.java:1577)
at org.testng.Assert.assertEqualsImpl(Assert.java:149)
at org.testng.Assert.assertEquals(Assert.java:131)
at org.testng.Assert.assertEquals(Assert.java:655)
at org.testng.Assert.assertEquals(Assert.java:665)
at stepDefinitions.OfferPageStepDefination.validate_the_product_name_in_offer_page_matches_with_landing_page(OfferPageStepDefination.java:48)
at ✽.Validate the product name in offer page matches with Landing Page(file:///E:/Selenium/CumberSeleniumAutomation/src/test/java/features/searchProduct.feature:8)
]]>
    </failure>
  </testcase> <!-- runScenario -->
  <system-out/>
</testsuite> <!-- CucumberOptions.FailedTestNGTestRunner -->
